{"/Users/oasisfeng/Library/CloudStorage/OneDrive-Personal/Work/Project/brainstorm.ai/brainstorm-ai/src/js/config.js": {"path":"/Users/oasisfeng/Library/CloudStorage/OneDrive-Personal/Work/Project/brainstorm.ai/brainstorm-ai/src/js/config.js","statementMap":{"0":{"start":{"line":1,"column":15},"end":{"line":27,"column":1}},"1":{"start":{"line":25,"column":8},"end":{"line":25,"column":20}}},"fnMap":{"0":{"name":"(anonymous_0)","decl":{"start":{"line":22,"column":4},"end":{"line":22,"column":5}},"loc":{"start":{"line":22,"column":11},"end":{"line":26,"column":5}},"line":22}},"branchMap":{},"s":{"0":1,"1":0},"f":{"0":0},"b":{},"_coverageSchema":"1a1c01bbd47fc00a2c39e90264f33305004495a9","hash":"faa1cb37147eb387f95170f6e044d3be943dacdb"}
,"/Users/oasisfeng/Library/CloudStorage/OneDrive-Personal/Work/Project/brainstorm.ai/brainstorm-ai/src/js/managers/FileManager.js": {"path":"/Users/oasisfeng/Library/CloudStorage/OneDrive-Personal/Work/Project/brainstorm.ai/brainstorm-ai/src/js/managers/FileManager.js","statementMap":{"0":{"start":{"line":5,"column":8},"end":{"line":5,"column":60}},"1":{"start":{"line":6,"column":8},"end":{"line":6,"column":63}},"2":{"start":{"line":7,"column":8},"end":{"line":7,"column":54}},"3":{"start":{"line":8,"column":8},"end":{"line":8,"column":30}},"4":{"start":{"line":9,"column":8},"end":{"line":9,"column":31}},"5":{"start":{"line":13,"column":8},"end":{"line":20,"column":9}},"6":{"start":{"line":15,"column":30},"end":{"line":15,"column":64}},"7":{"start":{"line":16,"column":12},"end":{"line":16,"column":29}},"8":{"start":{"line":18,"column":12},"end":{"line":18,"column":73}},"9":{"start":{"line":19,"column":12},"end":{"line":19,"column":82}},"10":{"start":{"line":24,"column":8},"end":{"line":47,"column":9}},"11":{"start":{"line":26,"column":31},"end":{"line":32,"column":14}},"12":{"start":{"line":35,"column":29},"end":{"line":35,"column":62}},"13":{"start":{"line":38,"column":12},"end":{"line":38,"column":52}},"14":{"start":{"line":41,"column":12},"end":{"line":41,"column":35}},"15":{"start":{"line":43,"column":12},"end":{"line":43,"column":24}},"16":{"start":{"line":45,"column":12},"end":{"line":45,"column":69}},"17":{"start":{"line":46,"column":12},"end":{"line":46,"column":75}},"18":{"start":{"line":51,"column":8},"end":{"line":71,"column":9}},"19":{"start":{"line":53,"column":33},"end":{"line":59,"column":14}},"20":{"start":{"line":62,"column":25},"end":{"line":62,"column":51}},"21":{"start":{"line":65,"column":28},"end":{"line":65,"column":45}},"22":{"start":{"line":67,"column":12},"end":{"line":67,"column":27}},"23":{"start":{"line":69,"column":12},"end":{"line":69,"column":72}},"24":{"start":{"line":70,"column":12},"end":{"line":70,"column":46}},"25":{"start":{"line":75,"column":8},"end":{"line":87,"column":9}},"26":{"start":{"line":78,"column":12},"end":{"line":78,"column":65}},"27":{"start":{"line":81,"column":12},"end":{"line":83,"column":14}},"28":{"start":{"line":82,"column":16},"end":{"line":82,"column":65}},"29":{"start":{"line":85,"column":12},"end":{"line":85,"column":68}},"30":{"start":{"line":86,"column":12},"end":{"line":86,"column":70}},"31":{"start":{"line":91,"column":8},"end":{"line":102,"column":9}},"32":{"start":{"line":94,"column":12},"end":{"line":97,"column":13}},"33":{"start":{"line":95,"column":29},"end":{"line":95,"column":85}},"34":{"start":{"line":96,"column":16},"end":{"line":96,"column":41}},"35":{"start":{"line":98,"column":12},"end":{"line":98,"column":22}},"36":{"start":{"line":100,"column":12},"end":{"line":100,"column":67}},"37":{"start":{"line":101,"column":12},"end":{"line":101,"column":22}},"38":{"start":{"line":106,"column":8},"end":{"line":116,"column":9}},"39":{"start":{"line":109,"column":12},"end":{"line":113,"column":13}},"40":{"start":{"line":110,"column":33},"end":{"line":110,"column":96}},"41":{"start":{"line":111,"column":16},"end":{"line":111,"column":41}},"42":{"start":{"line":112,"column":16},"end":{"line":112,"column":39}},"43":{"start":{"line":115,"column":12},"end":{"line":115,"column":68}},"44":{"start":{"line":120,"column":8},"end":{"line":131,"column":9}},"45":{"start":{"line":122,"column":31},"end":{"line":122,"column":62}},"46":{"start":{"line":126,"column":12},"end":{"line":126,"column":44}},"47":{"start":{"line":127,"column":12},"end":{"line":127,"column":24}},"48":{"start":{"line":129,"column":12},"end":{"line":129,"column":57}},"49":{"start":{"line":130,"column":12},"end":{"line":130,"column":25}},"50":{"start":{"line":135,"column":8},"end":{"line":146,"column":9}},"51":{"start":{"line":138,"column":12},"end":{"line":140,"column":13}},"52":{"start":{"line":139,"column":16},"end":{"line":139,"column":54}},"53":{"start":{"line":142,"column":12},"end":{"line":142,"column":26}},"54":{"start":{"line":144,"column":12},"end":{"line":144,"column":58}},"55":{"start":{"line":145,"column":12},"end":{"line":145,"column":24}},"56":{"start":{"line":151,"column":22},"end":{"line":151,"column":61}},"57":{"start":{"line":152,"column":8},"end":{"line":152,"column":57}},"58":{"start":{"line":155,"column":8},"end":{"line":155,"column":49}},"59":{"start":{"line":156,"column":8},"end":{"line":158,"column":11}},"60":{"start":{"line":157,"column":12},"end":{"line":157,"column":64}},"61":{"start":{"line":159,"column":8},"end":{"line":159,"column":24}},"62":{"start":{"line":162,"column":8},"end":{"line":162,"column":47}},"63":{"start":{"line":163,"column":8},"end":{"line":171,"column":11}},"64":{"start":{"line":165,"column":26},"end":{"line":165,"column":81}},"65":{"start":{"line":165,"column":54},"end":{"line":165,"column":80}},"66":{"start":{"line":166,"column":32},"end":{"line":166,"column":96}},"67":{"start":{"line":168,"column":12},"end":{"line":168,"column":48}},"68":{"start":{"line":169,"column":12},"end":{"line":169,"column":48}},"69":{"start":{"line":170,"column":12},"end":{"line":170,"column":79}},"70":{"start":{"line":173,"column":8},"end":{"line":173,"column":23}}},"fnMap":{"0":{"name":"(anonymous_0)","decl":{"start":{"line":4,"column":4},"end":{"line":4,"column":5}},"loc":{"start":{"line":4,"column":18},"end":{"line":10,"column":5}},"line":4},"1":{"name":"(anonymous_1)","decl":{"start":{"line":12,"column":4},"end":{"line":12,"column":5}},"loc":{"start":{"line":12,"column":36},"end":{"line":21,"column":5}},"line":12},"2":{"name":"(anonymous_2)","decl":{"start":{"line":23,"column":4},"end":{"line":23,"column":5}},"loc":{"start":{"line":23,"column":50},"end":{"line":48,"column":5}},"line":23},"3":{"name":"(anonymous_3)","decl":{"start":{"line":50,"column":4},"end":{"line":50,"column":5}},"loc":{"start":{"line":50,"column":35},"end":{"line":72,"column":5}},"line":50},"4":{"name":"(anonymous_4)","decl":{"start":{"line":74,"column":4},"end":{"line":74,"column":5}},"loc":{"start":{"line":74,"column":39},"end":{"line":88,"column":5}},"line":74},"5":{"name":"(anonymous_5)","decl":{"start":{"line":81,"column":19},"end":{"line":81,"column":20}},"loc":{"start":{"line":81,"column":25},"end":{"line":83,"column":13}},"line":81},"6":{"name":"(anonymous_6)","decl":{"start":{"line":90,"column":4},"end":{"line":90,"column":5}},"loc":{"start":{"line":90,"column":30},"end":{"line":103,"column":5}},"line":90},"7":{"name":"(anonymous_7)","decl":{"start":{"line":105,"column":4},"end":{"line":105,"column":5}},"loc":{"start":{"line":105,"column":31},"end":{"line":117,"column":5}},"line":105},"8":{"name":"(anonymous_8)","decl":{"start":{"line":119,"column":4},"end":{"line":119,"column":5}},"loc":{"start":{"line":119,"column":29},"end":{"line":132,"column":5}},"line":119},"9":{"name":"(anonymous_9)","decl":{"start":{"line":134,"column":4},"end":{"line":134,"column":5}},"loc":{"start":{"line":134,"column":23},"end":{"line":147,"column":5}},"line":134},"10":{"name":"(anonymous_10)","decl":{"start":{"line":149,"column":4},"end":{"line":149,"column":5}},"loc":{"start":{"line":149,"column":43},"end":{"line":174,"column":5}},"line":149},"11":{"name":"(anonymous_11)","decl":{"start":{"line":156,"column":34},"end":{"line":156,"column":35}},"loc":{"start":{"line":156,"column":43},"end":{"line":158,"column":9}},"line":156},"12":{"name":"(anonymous_12)","decl":{"start":{"line":163,"column":36},"end":{"line":163,"column":37}},"loc":{"start":{"line":163,"column":47},"end":{"line":171,"column":9}},"line":163},"13":{"name":"(anonymous_13)","decl":{"start":{"line":165,"column":49},"end":{"line":165,"column":50}},"loc":{"start":{"line":165,"column":54},"end":{"line":165,"column":80}},"line":165}},"branchMap":{"0":{"loc":{"start":{"line":94,"column":12},"end":{"line":97,"column":13}},"type":"if","locations":[{"start":{"line":94,"column":12},"end":{"line":97,"column":13}},{"start":{},"end":{}}],"line":94},"1":{"loc":{"start":{"line":109,"column":12},"end":{"line":113,"column":13}},"type":"if","locations":[{"start":{"line":109,"column":12},"end":{"line":113,"column":13}},{"start":{},"end":{}}],"line":109},"2":{"loc":{"start":{"line":138,"column":12},"end":{"line":140,"column":13}},"type":"if","locations":[{"start":{"line":138,"column":12},"end":{"line":140,"column":13}},{"start":{},"end":{}}],"line":138},"3":{"loc":{"start":{"line":166,"column":32},"end":{"line":166,"column":96}},"type":"cond-expr","locations":[{"start":{"line":166,"column":40},"end":{"line":166,"column":76}},{"start":{"line":166,"column":79},"end":{"line":166,"column":96}}],"line":166}},"s":{"0":5,"1":5,"2":5,"3":5,"4":5,"5":0,"6":0,"7":0,"8":0,"9":0,"10":1,"11":1,"12":1,"13":1,"14":1,"15":1,"16":0,"17":0,"18":1,"19":1,"20":1,"21":1,"22":1,"23":0,"24":0,"25":0,"26":0,"27":0,"28":0,"29":0,"30":0,"31":0,"32":0,"33":0,"34":0,"35":0,"36":0,"37":0,"38":2,"39":2,"40":0,"41":0,"42":0,"43":0,"44":1,"45":1,"46":1,"47":1,"48":0,"49":0,"50":1,"51":1,"52":1,"53":0,"54":0,"55":0,"56":0,"57":0,"58":0,"59":0,"60":0,"61":0,"62":0,"63":0,"64":0,"65":0,"66":0,"67":0,"68":0,"69":0,"70":0},"f":{"0":5,"1":0,"2":1,"3":1,"4":0,"5":0,"6":0,"7":2,"8":1,"9":1,"10":0,"11":0,"12":0,"13":0},"b":{"0":[0,0],"1":[0,2],"2":[1,0],"3":[0,0]},"_coverageSchema":"1a1c01bbd47fc00a2c39e90264f33305004495a9","hash":"ec5b9de09ae715aa20101df6aa01eca3eb1b0b28"}
}
