TN:
SF:src/js/config.js
FN:22,(anonymous_0)
FNF:1
FNH:0
FNDA:0,(anonymous_0)
DA:1,1
DA:25,0
LF:2
LH:1
BRF:0
BRH:0
end_of_record
TN:
SF:src/js/managers/FileManager.js
FN:4,(anonymous_0)
FN:12,(anonymous_1)
FN:23,(anonymous_2)
FN:50,(anonymous_3)
FN:74,(anonymous_4)
FN:81,(anonymous_5)
FN:90,(anonymous_6)
FN:105,(anonymous_7)
FN:119,(anonymous_8)
FN:134,(anonymous_9)
FN:149,(anonymous_10)
FN:156,(anonymous_11)
FN:163,(anonymous_12)
FN:165,(anonymous_13)
FNF:14
FNH:6
FNDA:5,(anonymous_0)
FNDA:0,(anonymous_1)
FNDA:1,(anonymous_2)
FNDA:1,(anonymous_3)
FNDA:0,(anonymous_4)
FNDA:0,(anonymous_5)
FNDA:0,(anonymous_6)
FNDA:2,(anonymous_7)
FNDA:1,(anonymous_8)
FNDA:1,(anonymous_9)
FNDA:0,(anonymous_10)
FNDA:0,(anonymous_11)
FNDA:0,(anonymous_12)
FNDA:0,(anonymous_13)
DA:5,5
DA:6,5
DA:7,5
DA:8,5
DA:9,5
DA:13,0
DA:15,0
DA:16,0
DA:18,0
DA:19,0
DA:24,1
DA:26,1
DA:35,1
DA:38,1
DA:41,1
DA:43,1
DA:45,0
DA:46,0
DA:51,1
DA:53,1
DA:62,1
DA:65,1
DA:67,1
DA:69,0
DA:70,0
DA:75,0
DA:78,0
DA:81,0
DA:82,0
DA:85,0
DA:86,0
DA:91,0
DA:94,0
DA:95,0
DA:96,0
DA:98,0
DA:100,0
DA:101,0
DA:106,2
DA:109,2
DA:110,0
DA:111,0
DA:112,0
DA:115,0
DA:120,1
DA:122,1
DA:126,1
DA:127,1
DA:129,0
DA:130,0
DA:135,1
DA:138,1
DA:139,1
DA:142,0
DA:144,0
DA:145,0
DA:151,0
DA:152,0
DA:155,0
DA:156,0
DA:157,0
DA:159,0
DA:162,0
DA:163,0
DA:165,0
DA:166,0
DA:168,0
DA:169,0
DA:170,0
DA:173,0
LF:70
LH:25
BRDA:94,0,0,0
BRDA:94,0,1,0
BRDA:109,1,0,0
BRDA:109,1,1,2
BRDA:138,2,0,1
BRDA:138,2,1,0
BRDA:166,3,0,0
BRDA:166,3,1,0
BRF:8
BRH:2
end_of_record
